0 info it worked if it ends with ok
1 verbose cli [ 'E:\\Program Files\\nodejs\\node.exe',
1 verbose cli   'C:\\Users\\mark\\AppData\\Roaming\\npm\\node_modules\\npm\\bin\\npm-cli.js',
1 verbose cli   'publish' ]
2 info using npm@3.10.7
3 info using node@v6.5.0
4 verbose publish [ '.' ]
5 silly cache add args [ '.', null ]
6 verbose cache add spec .
7 silly cache add parsed spec Result {
7 silly cache add   raw: '.',
7 silly cache add   scope: null,
7 silly cache add   escapedName: null,
7 silly cache add   name: null,
7 silly cache add   rawSpec: '.',
7 silly cache add   spec: 'F:\\work\\github\\workspace\\vue_lib',
7 silly cache add   type: 'directory' }
8 verbose addLocalDirectory C:\Users\mark\AppData\Roaming\npm-cache\mark_vue_lib\1.0.31\package.tgz not in flight; packing
9 verbose correctMkdir C:\Users\mark\AppData\Roaming\npm-cache correctMkdir not in flight; initializing
10 info lifecycle mark_vue_lib@1.0.31~prepublish: mark_vue_lib@1.0.31
11 silly lifecycle mark_vue_lib@1.0.31~prepublish: no script for prepublish, continuing
12 verbose tar pack [ 'C:\\Users\\mark\\AppData\\Roaming\\npm-cache\\mark_vue_lib\\1.0.31\\package.tgz',
12 verbose tar pack   'F:\\work\\github\\workspace\\vue_lib' ]
13 verbose tarball C:\Users\mark\AppData\Roaming\npm-cache\mark_vue_lib\1.0.31\package.tgz
14 verbose folder F:\work\github\workspace\vue_lib
15 verbose addLocalTarball adding from inside cache C:\Users\mark\AppData\Roaming\npm-cache\mark_vue_lib\1.0.31\package.tgz
16 verbose correctMkdir C:\Users\mark\AppData\Roaming\npm-cache correctMkdir not in flight; initializing
17 silly cache afterAdd mark_vue_lib@1.0.31
18 verbose afterAdd C:\Users\mark\AppData\Roaming\npm-cache\mark_vue_lib\1.0.31\package\package.json not in flight; writing
19 verbose correctMkdir C:\Users\mark\AppData\Roaming\npm-cache correctMkdir not in flight; initializing
20 verbose afterAdd C:\Users\mark\AppData\Roaming\npm-cache\mark_vue_lib\1.0.31\package\package.json written
21 silly publish { name: 'mark_vue_lib',
21 silly publish   description: 'mark',
21 silly publish   version: '1.0.31',
21 silly publish   author: { name: 'mark' },
21 silly publish   private: false,
21 silly publish   scripts:
21 silly publish    { dev: 'cross-env NODE_ENV=development webpack-dev-server --open --inline --hot --host 192.168.4.136 --port 8080',
21 silly publish      build: 'cross-env NODE_ENV=production webpack --progress --hide-modules',
21 silly publish      lib: 'cross-env NODE_ENV=lib webpack --progress --hide-modules' },
21 silly publish   dependencies:
21 silly publish    { glob: '^7.1.1',
21 silly publish      'js-base64': '^2.1.9',
21 silly publish      lodash: '^4.17.4',
21 silly publish      mark_cltdata: '^1.0.2',
21 silly publish      mark_logger: '^1.0.5',
21 silly publish      md5: '^2.2.1',
21 silly publish      'mint-ui': '^2.1.0',
21 silly publish      moment: '^2.17.1',
21 silly publish      store: '^2.0.4',
21 silly publish      'vue-resource': '^1.0.3',
21 silly publish      'vue-router': '^2.2.0',
21 silly publish      vuex: '^2.3.0',
21 silly publish      'weui.js': '^1.1.1' },
21 silly publish   devDependencies:
21 silly publish    { autoprefixer: '^6.7.7',
21 silly publish      'babel-core': '^6.0.0',
21 silly publish      'babel-loader': '^6.0.0',
21 silly publish      'babel-preset-es2015': '^6.0.0',
21 silly publish      'cross-env': '^3.0.0',
21 silly publish      'css-loader': '^0.25.0',
21 silly publish      'extract-text-webpack-plugin': '^2.1.0',
21 silly publish      'file-loader': '^0.9.0',
21 silly publish      'postcss-loader': '^1.3.3',
21 silly publish      'style-loader': '^0.13.1',
21 silly publish      vue: '^2.1.0',
21 silly publish      'vue-loader': '^10.0.0',
21 silly publish      'vue-template-compiler': '^2.1.0',
21 silly publish      webpack: '^2.2.0',
21 silly publish      'webpack-dev-server': '^2.2.0',
21 silly publish      weui: '^1.1.1' },
21 silly publish   readme: '# {{ name }}\n\n> {{ description }}\n\n## Build Setup\n\n``` bash\n# install dependencies\nnpm install\n\n# serve with hot reload at localhost:8080\nnpm run dev\n\n# build for production with minification\nnpm run build\n```\n\nFor detailed explanation on how things work, consult the [docs for vue-loader](http://vuejs.github.io/vue-loader).\n',
21 silly publish   readmeFilename: 'README.md',
21 silly publish   gitHead: '3600a680e64e3fc93000cd501bd38b902c391e60',
21 silly publish   _id: 'mark_vue_lib@1.0.31',
21 silly publish   _shasum: 'a55d7b6340152d1964936a0162d00ab136942581',
21 silly publish   _from: '.' }
22 verbose getPublishConfig undefined
23 silly mapToRegistry name mark_vue_lib
24 silly mapToRegistry using default registry
25 silly mapToRegistry registry http://registry.npmjs.org/
26 silly mapToRegistry data Result {
26 silly mapToRegistry   raw: 'mark_vue_lib',
26 silly mapToRegistry   scope: null,
26 silly mapToRegistry   escapedName: 'mark_vue_lib',
26 silly mapToRegistry   name: 'mark_vue_lib',
26 silly mapToRegistry   rawSpec: '',
26 silly mapToRegistry   spec: 'latest',
26 silly mapToRegistry   type: 'tag' }
27 silly mapToRegistry uri http://registry.npmjs.org/mark_vue_lib
28 verbose publish registryBase http://registry.npmjs.org/
29 silly publish uploading C:\Users\mark\AppData\Roaming\npm-cache\mark_vue_lib\1.0.31\package.tgz
30 verbose request uri http://registry.npmjs.org/mark_vue_lib
31 verbose request sending authorization for write operation
32 info attempt registry request try #1 at 14:56:34
33 verbose request using bearer token for auth
34 verbose request id 5fdd41b092df0dd6
35 http request PUT http://registry.npmjs.org/mark_vue_lib
36 http 403 http://registry.npmjs.org/mark_vue_lib
37 verbose headers { 'content-type': 'application/json',
37 verbose headers   'cache-control': 'max-age=300',
37 verbose headers   'content-length': '96',
37 verbose headers   'accept-ranges': 'bytes',
37 verbose headers   date: 'Thu, 27 Apr 2017 06:56:42 GMT',
37 verbose headers   via: '1.1 varnish',
37 verbose headers   connection: 'keep-alive',
37 verbose headers   'x-served-by': 'cache-nrt6135-NRT',
37 verbose headers   'x-cache': 'MISS',
37 verbose headers   'x-cache-hits': '0',
37 verbose headers   'x-timer': 'S1493276199.272009,VS0,VE3150',
37 verbose headers   vary: 'Accept-Encoding' }
38 verbose request invalidating C:\Users\mark\AppData\Roaming\npm-cache\registry.npmjs.org\mark_vue_lib on PUT
39 error publish Failed PUT 403
40 verbose stack Error: "You cannot publish over the previously published version 1.0.31." : mark_vue_lib
40 verbose stack     at makeError (C:\Users\mark\AppData\Roaming\npm\node_modules\npm\node_modules\npm-registry-client\lib\request.js:264:12)
40 verbose stack     at CachingRegistryClient.<anonymous> (C:\Users\mark\AppData\Roaming\npm\node_modules\npm\node_modules\npm-registry-client\lib\request.js:252:14)
40 verbose stack     at Request._callback (C:\Users\mark\AppData\Roaming\npm\node_modules\npm\node_modules\npm-registry-client\lib\request.js:172:14)
40 verbose stack     at Request.self.callback (C:\Users\mark\AppData\Roaming\npm\node_modules\npm\node_modules\request\request.js:187:22)
40 verbose stack     at emitTwo (events.js:106:13)
40 verbose stack     at Request.emit (events.js:191:7)
40 verbose stack     at Request.<anonymous> (C:\Users\mark\AppData\Roaming\npm\node_modules\npm\node_modules\request\request.js:1044:10)
40 verbose stack     at emitOne (events.js:96:13)
40 verbose stack     at Request.emit (events.js:188:7)
40 verbose stack     at IncomingMessage.<anonymous> (C:\Users\mark\AppData\Roaming\npm\node_modules\npm\node_modules\request\request.js:965:12)
41 verbose statusCode 403
42 verbose pkgid mark_vue_lib
43 verbose cwd F:\work\github\workspace\vue_lib
44 error Windows_NT 10.0.15063
45 error argv "E:\\Program Files\\nodejs\\node.exe" "C:\\Users\\mark\\AppData\\Roaming\\npm\\node_modules\\npm\\bin\\npm-cli.js" "publish"
46 error node v6.5.0
47 error npm  v3.10.7
48 error code E403
49 error "You cannot publish over the previously published version 1.0.31." : mark_vue_lib
50 error If you need help, you may report this error at:
50 error     <https://github.com/npm/npm/issues>
51 verbose exit [ 1, true ]
